
> bitcoin-email-app@0.1.0 build
> next build

   ▲ Next.js 15.5.3
   - Experiments (use with caution):
     · serverActions

   Creating an optimized production build ...
> [PWA] Compile server
> [PWA] Compile server
> [PWA] Compile client (static)
> [PWA] Auto register service worker with: /Volumes/Extreme SSD/Projects/bitcoin-email/node_modules/next-pwa/register.js
> [PWA] Service worker: /Volumes/Extreme SSD/Projects/bitcoin-email/public/sw.js
> [PWA]   url: /sw.js
> [PWA]   scope: /
 ✓ Compiled successfully in 3.7s
   Linting and checking validity of types ...

Failed to compile.

./app/contributions/page.tsx
101:24  Warning: 'setPrsAllocated' is assigned a value but never used.  @typescript-eslint/no-unused-vars
189:54  Warning: 'handcashHandle' is defined but never used.  @typescript-eslint/no-unused-vars

./app/docs/page.tsx
80:28  Warning: 'index' is defined but never used.  @typescript-eslint/no-unused-vars

./app/portfolio/page.tsx
11:10  Warning: 'activeList' is assigned a value but never used.  @typescript-eslint/no-unused-vars
11:22  Warning: 'setActiveList' is assigned a value but never used.  @typescript-eslint/no-unused-vars
14:23  Warning: 'setConnections' is assigned a value but never used.  @typescript-eslint/no-unused-vars

./app/tokenize/page.tsx
12:23  Warning: 'setConnections' is assigned a value but never used.  @typescript-eslint/no-unused-vars

./components/EmailClient.tsx
62:10  Warning: 'showEmailPreview' is assigned a value but never used.  @typescript-eslint/no-unused-vars
62:28  Warning: 'setShowEmailPreview' is assigned a value but never used.  @typescript-eslint/no-unused-vars

./components/WalletManager.tsx
33:9  Warning: '_handleConnectWallet' is assigned a value but never used.  @typescript-eslint/no-unused-vars

./components/email/EmailList.tsx
134:9  Warning: '_deleteEmail' is assigned a value but never used.  @typescript-eslint/no-unused-vars

./components/exchange/ListMarketplace.tsx
25:10  Warning: 'priceRange' is assigned a value but never used.  @typescript-eslint/no-unused-vars
25:22  Warning: 'setPriceRange' is assigned a value but never used.  @typescript-eslint/no-unused-vars

./lib/blockchain/BlockchainService.ts
1:43  Warning: 'PublicKey' is defined but never used.  @typescript-eslint/no-unused-vars
1:54  Warning: 'Hash' is defined but never used.  @typescript-eslint/no-unused-vars
180:5  Warning: 'data' is defined but never used.  @typescript-eslint/no-unused-vars
181:5  Warning: 'privateKey' is defined but never used.  @typescript-eslint/no-unused-vars
187:11  Warning: 'script' is assigned a value but never used.  @typescript-eslint/no-unused-vars

./lib/email/._EmailService.ts
Error: Parsing error: Invalid character.

./lib/email/EmailService.ts
1:46  Warning: 'EmailMetadata' is defined but never used.  @typescript-eslint/no-unused-vars
482:15  Warning: 'headers' is assigned a value but never used.  @typescript-eslint/no-unused-vars

./lib/encryption/EmailEncryption.ts
2:22  Warning: 'PublicKey' is defined but never used.  @typescript-eslint/no-unused-vars
281:5  Warning: 'publicKeyHex' is defined but never used.  @typescript-eslint/no-unused-vars
285:11  Warning: 'hash' is assigned a value but never used.  @typescript-eslint/no-unused-vars

info  - Need to disable some ESLint rules? Learn more here: https://nextjs.org/docs/app/api-reference/config/eslint#disabling-rules
